<?xml version="1.0" encoding="UTF-8"?>
<!-- Generated by org.testng.reporters.JUnitXMLReporter -->
<testsuite hostname="DESKTOP-DN1MP9O" ignored="2" name="Test_All" tests="2" failures="2" timestamp="2022-02-10T16:11:36 IST" time="172.53" errors="0">
  <testcase name="indexPageTest" time="11.951" classname="com.autowms.testcases.IndexPageTest">
    <failure type="java.lang.AssertionError" message="expected [true] but found [false]">
      <![CDATA[java.lang.AssertionError: expected [true] but found [false]
at com.autowms.testcases.IndexPageTest.indexPageTest(IndexPageTest.java:51)
at java.util.ArrayList.forEach(ArrayList.java:1259)
... Removed 31 stack frames]]>
    </failure>
  </testcase> <!-- indexPageTest -->
  <testcase name="loginPageTest" time="8.735" classname="com.autowms.testcases.LoginPageTest">
    <failure type="java.lang.NullPointerException">
      <![CDATA[java.lang.NullPointerException
at com.autowms.testcases.LoginPageTest.loginPageTest(LoginPageTest.java:46)
at java.util.ArrayList.forEach(ArrayList.java:1259)
... Removed 27 stack frames]]>
    </failure>
  </testcase> <!-- loginPageTest -->
  <testcase name="@BeforeSuite loadConfig" time="0.0" classname="com.autowms.base.BaseClass">
    <ignored/>
  </testcase> <!-- @BeforeSuite loadConfig -->
  <testcase name="@AfterSuite afterSuite" time="0.0" classname="com.autowms.base.BaseClass">
    <ignored/>
  </testcase> <!-- @AfterSuite afterSuite -->
</testsuite> <!-- Test_All -->
