<?xml version="1.0" encoding="UTF-8"?>
<!-- Generated by org.testng.reporters.JUnitXMLReporter -->
<testsuite hostname="DESKTOP-DN1MP9O" ignored="0" name="Test" tests="3" failures="0" timestamp="2022-01-26T17:45:38 IST" time="34.658" errors="0">
  <testcase name="loginPageTest" time="0.168" classname="com.autowms.testcases.LoginPageTest"/>
  <testcase name="loginTest" time="5.968" classname="com.autowms.testcases.LoginPageTest"/>
  <testcase name="sampleCase" time="0.004" classname="com.autowms.testcases.LoginPageTest"/>
</testsuite> <!-- Test -->
